#
# There is insufficient memory for the Java Runtime Environment to continue.
# Native memory allocation (malloc) failed to allocate 1048576 bytes for AllocateHeap
# Possible reasons:
#   The system is out of physical RAM or swap space
#   In 32 bit mode, the process size limit was hit
# Possible solutions:
#   Reduce memory load on the system
#   Increase physical memory or swap space
#   Check if swap backing store is full
#   Use 64 bit Java on a 64 bit OS
#   Decrease Java heap size (-Xmx/-Xms)
#   Decrease number of Java threads
#   Decrease Java thread stack sizes (-Xss)
#   Set larger code cache with -XX:ReservedCodeCacheSize=
# This output file may be truncated or incomplete.
#
#  Out of Memory Error (memory/allocation.inline.hpp:61), pid=9096, tid=5576
#
# JRE version:  (8.0_60-b27) (build )
# Java VM: Java HotSpot(TM) 64-Bit Server VM (25.60-b23 mixed mode windows-amd64 compressed oops)
# Failed to write core dump. Minidumps are not enabled by default on client versions of Windows
#

---------------  T H R E A D  ---------------

Current thread (0x00000000021dd800):  JavaThread "Unknown thread" [_thread_in_vm, id=5576, stack(0x00000000021e0000,0x00000000022e0000)]

Stack: [0x00000000021e0000,0x00000000022e0000]
[error occurred during error reporting (printing stack bounds), id 0xc0000005]

Native frames: (J=compiled Java code, j=interpreted, Vv=VM code, C=native code)


---------------  P R O C E S S  ---------------

Java Threads: ( => current thread )

Other Threads:

=>0x00000000021dd800 (exited) JavaThread "Unknown thread" [_thread_in_vm, id=5576, stack(0x00000000021e0000,0x00000000022e0000)]

VM state:not at safepoint (normal execution)

VM Mutex/Monitor currently owned by a thread: None

Heap:
 PSYoungGen      total 37888K, used 655K [0x00000000eab00000, 0x00000000ed500000, 0x0000000100000000)
  eden space 32768K, 2% used [0x00000000eab00000,0x00000000eaba3d80,0x00000000ecb00000)
  from space 5120K, 0% used [0x00000000ed000000,0x00000000ed000000,0x00000000ed500000)
  to   space 5120K, 0% used [0x00000000ecb00000,0x00000000ecb00000,0x00000000ed000000)
 ParOldGen       total 86016K, used 0K [0x00000000c0000000, 0x00000000c5400000, 0x00000000eab00000)
  object space 86016K, 0% used [0x00000000c0000000,0x00000000c0000000,0x00000000c5400000)
 Metaspace       used 767K, capacity 4480K, committed 4480K, reserved 1056768K
  class space    used 75K, capacity 384K, committed 384K, reserved 1048576K

Card table byte_map: [0x00000000117a0000,0x00000000119b0000] byte_map_base: 0x00000000111a0000

Marking Bits: (ParMarkBitMap*) 0x0000000064e1a5b0
 Begin Bits: [0x0000000012310000, 0x0000000013310000)
 End Bits:   [0x0000000013310000, 0x0000000014310000)

Polling page: 0x0000000000790000

CodeCache: size=245760Kb used=328Kb max_used=328Kb free=245431Kb
 bounds [0x00000000023e0000, 0x0000000002650000, 0x00000000113e0000]
 total_blobs=57 nmethods=0 adapters=37
 compilation: enabled

Compilation events (0 events):
No events

GC Heap History (0 events):
No events

Deoptimization events (0 events):
No events

Internal exceptions (0 events):
No events

Events (10 events):
Event: 1.280 loading class java/lang/Short
Event: 1.490 loading class java/lang/Short done
Event: 1.490 loading class java/lang/Integer
Event: 1.846 loading class java/lang/Integer done
Event: 1.846 loading class java/lang/Long
Event: 2.143 loading class java/lang/Long done
Event: 2.145 loading class java/lang/NullPointerException
Event: 2.244 loading class java/lang/NullPointerException done
Event: 2.244 loading class java/lang/ArithmeticException
Event: 2.244 loading class java/lang/ArithmeticException done


Dynamic libraries:
0x00007ff6f7300000 - 0x00007ff6f7337000 	C:\Program Files\Java\jdk1.8.0_60\bin\java.exe
0x00007ff890bd0000 - 0x00007ff890d91000 	C:\WINDOWS\SYSTEM32\ntdll.dll
0x00007ff88e100000 - 0x00007ff88e1ad000 	C:\WINDOWS\system32\KERNEL32.DLL
0x00007ff88d5b0000 - 0x00007ff88d798000 	C:\WINDOWS\system32\KERNELBASE.dll
0x00007ff88e030000 - 0x00007ff88e0d7000 	C:\WINDOWS\system32\ADVAPI32.dll
0x00007ff890230000 - 0x00007ff8902cd000 	C:\WINDOWS\system32\msvcrt.dll
0x00007ff88e670000 - 0x00007ff88e6cb000 	C:\WINDOWS\system32\sechost.dll
0x00007ff88ea00000 - 0x00007ff88eb1c000 	C:\WINDOWS\system32\RPCRT4.dll
0x00007ff88e340000 - 0x00007ff88e496000 	C:\WINDOWS\system32\USER32.dll
0x00007ff890a00000 - 0x00007ff890b86000 	C:\WINDOWS\system32\GDI32.dll
0x00007ff8823c0000 - 0x00007ff882634000 	C:\WINDOWS\WinSxS\amd64_microsoft.windows.common-controls_6595b64144ccf1df_6.0.10586.0_none_8c15ae12515e1c22\COMCTL32.dll
0x00007ff890770000 - 0x00007ff8909ed000 	C:\WINDOWS\system32\combase.dll
0x00007ff88d860000 - 0x00007ff88d8ca000 	C:\WINDOWS\system32\bcryptPrimitives.dll
0x00007ff890b90000 - 0x00007ff890bcb000 	C:\WINDOWS\system32\IMM32.DLL
0x0000000064240000 - 0x0000000064312000 	C:\Program Files\Java\jdk1.8.0_60\jre\bin\msvcr100.dll
0x0000000064610000 - 0x0000000064e99000 	C:\Program Files\Java\jdk1.8.0_60\jre\bin\server\jvm.dll
0x00007ff88e5f0000 - 0x00007ff88e5f8000 	C:\WINDOWS\system32\PSAPI.DLL
0x00007ff88b870000 - 0x00007ff88b893000 	C:\WINDOWS\SYSTEM32\WINMM.dll
0x00007ff888810000 - 0x00007ff88881a000 	C:\WINDOWS\SYSTEM32\VERSION.dll
0x00007ff8896f0000 - 0x00007ff8896f9000 	C:\WINDOWS\SYSTEM32\WSOCK32.dll
0x00007ff890700000 - 0x00007ff89076b000 	C:\WINDOWS\system32\WS2_32.dll
0x00007ff88b490000 - 0x00007ff88b4bc000 	C:\WINDOWS\SYSTEM32\WINMMBASE.dll
0x00007ff88d8d0000 - 0x00007ff88d913000 	C:\WINDOWS\system32\cfgmgr32.dll
0x0000000067620000 - 0x000000006762f000 	C:\Program Files\Java\jdk1.8.0_60\jre\bin\verify.dll
0x00000000675f0000 - 0x0000000067619000 	C:\Program Files\Java\jdk1.8.0_60\jre\bin\java.dll
0x00000000675d0000 - 0x00000000675e6000 	C:\Program Files\Java\jdk1.8.0_60\jre\bin\zip.dll

VM Arguments:
jvm_args: -Djava.awt.headless=true -Xmx1024M -Dfile.encoding=windows-1252 -Duser.country=US -Duser.language=en -Duser.variant 
java_command: com.android.dx.command.Main --dex --num-threads=4 --output C:\Users\pawan\AndroidStudioProjects\Facebook\app\build\intermediates\pre-dexed\debug\com.android.support-cardview-v7-23.1.1_7aee1692f98bba275fb182e0694b880242a35039.jar C:\Users\pawan\AndroidStudioProjects\Facebook\app\build\intermediates\exploded-aar\com.android.support\cardview-v7\23.1.1\jars\classes.jar
java_class_path (initial): C:\Users\pawan\AppData\Local\Android\sdk\build-tools\23.0.2\lib\dx.jar
Launcher Type: SUN_STANDARD

Environment Variables:
JAVA_HOME=C:\Program Files\Java\jdk1.8.0_60
PATH=C:\ProgramData\Oracle\Java\javapath;C:\Program Files (x86)\NVIDIA Corporation\PhysX\Common;C:\WINDOWS\system32;C:\WINDOWS;C:\WINDOWS\System32\Wbem;C:\WINDOWS\System32\WindowsPowerShell\v1.0\;C:\Program Files (x86)\AMD\ATI.ACE\Core-Static;C:\Program Files (x86)\Skype\Phone\;C:\Program Files\Microsoft SQL Server\120\Tools\Binn\;C:\Program Files (x86)\Windows Kits\10\Windows Performance Toolkit\;C:\Program Files (x86)\nodejs\;C:\MinGW\bin;C:\WINDOWS\system32\config\systemprofile\.dnx\bin;C:\Program Files\Microsoft DNX\Dnvm\;C:\Program Files (x86)\Microsoft Emulator Manager\1.0\;C:\Program Files\Microsoft SQL Server\110\Tools\Binn\;c:\opencv\build\x86\vc12\bin;C:\Program Files\Microsoft\Web Platform Installer\;C:\Program Files (x86)\Microsoft SDKs\TypeScript\1.0\;C:\Program Files\MATLAB\R2014a\runtime\win64;C:\Program Files\MATLAB\R2014a\bin;C:\Program Files\MATLAB\R2014a\polyspace\bin;C:\Program Files (x86)\ATI Technologies\ATI.ACE\Core-Static;C:\Program Files\Microsoft SQL Server\Client SDK\ODBC\110\Tools\Binn\;C:\Program Files (x86)\Microsoft SQL Server\120\Tools\Binn\;C:\Program Files\Microsoft SQL Server\120\DTS\Binn\;C:\Program Files (x86)\Microsoft SQL Server\120\Tools\Binn\ManagementStudio\;C:\Program Files (x86)\Microsoft SQL Server\120\DTS\Binn\;C:\Users\pawan\.dnx\bin;C:\Users\pawan\AppData\Roaming\npm;C:\Program Files (x86)\Microsoft VS Code\bin
USERNAME=pawan
OS=Windows_NT
PROCESSOR_IDENTIFIER=Intel64 Family 6 Model 58 Stepping 9, GenuineIntel



---------------  S Y S T E M  ---------------

OS: Windows 10.0 , 64 bit Build 10586 (10.0.10586.0)

CPU:total 8 (4 cores per cpu, 2 threads per core) family 6 model 58 stepping 9, cmov, cx8, fxsr, mmx, sse, sse2, sse3, ssse3, sse4.1, sse4.2, popcnt, avx, aes, clmul, erms, ht, tsc, tscinvbit, tscinv

Memory: 4k page, physical 8254744k(238520k free), swap 10745112k(5448k free)

vm_info: Java HotSpot(TM) 64-Bit Server VM (25.60-b23) for windows-amd64 JRE (1.8.0_60-b27), built on Aug  4 2015 11:06:27 by "java_re" with MS VC++ 10.0 (VS2010)

time: Mon Jan 18 18:11:16 2016
elapsed time: 4 seconds (0d 0h 0m 4s)

